<?xml version="1.0" encoding="UTF-8"?>
<testng-results ignored="0" total="1" passed="1" failed="0" skipped="0">
  <reporter-output>
    <line>
      <![CDATA[Entered on VtigerPage]]>
    </line>
    <line>
      <![CDATA[Correct WebPage]]>
    </line>
    <line>
      <![CDATA[org name matched]]>
    </line>
  </reporter-output>
  <suite started-at="2025-03-16T13:07:24 IST" name="Default suite" finished-at="2025-03-16T13:07:45 IST" duration-ms="21498">
    <groups>
    </groups>
    <test started-at="2025-03-16T13:07:24 IST" name="Default test" finished-at="2025-03-16T13:07:45 IST" duration-ms="21498">
      <class name="com.crm.testCases.VTigerTest3">
        <test-method is-config="true" signature="preCondition()[pri:0, instance:com.crm.testCases.VTigerTest3@37ceb1df]" started-at="2025-03-16T13:07:24 IST" name="preCondition" finished-at="2025-03-16T13:07:27 IST" duration-ms="2754" status="PASS">
          <reporter-output>
            <line>
              <![CDATA[Entered on VtigerPage]]>
            </line>
          </reporter-output>
        </test-method> <!-- preCondition -->
        <test-method is-config="true" signature="login()[pri:0, instance:com.crm.testCases.VTigerTest3@37ceb1df]" started-at="2025-03-16T13:07:27 IST" name="login" finished-at="2025-03-16T13:07:30 IST" duration-ms="3494" status="PASS">
          <reporter-output>
          </reporter-output>
        </test-method> <!-- login -->
        <test-method signature="tc001()[pri:0, instance:com.crm.testCases.VTigerTest3@37ceb1df]" started-at="2025-03-16T13:07:30 IST" name="tc001" finished-at="2025-03-16T13:07:43 IST" duration-ms="13160" status="PASS">
          <reporter-output>
            <line>
              <![CDATA[Correct WebPage]]>
            </line>
            <line>
              <![CDATA[org name matched]]>
            </line>
          </reporter-output>
        </test-method> <!-- tc001 -->
        <test-method is-config="true" signature="logout()[pri:0, instance:com.crm.testCases.VTigerTest3@37ceb1df]" started-at="2025-03-16T13:07:43 IST" name="logout" finished-at="2025-03-16T13:07:45 IST" duration-ms="1518" status="PASS">
          <reporter-output>
          </reporter-output>
        </test-method> <!-- logout -->
        <test-method is-config="true" signature="postCondition()[pri:0, instance:com.crm.testCases.VTigerTest3@37ceb1df]" started-at="2025-03-16T13:07:45 IST" name="postCondition" finished-at="2025-03-16T13:07:45 IST" duration-ms="270" status="PASS">
          <reporter-output>
          </reporter-output>
        </test-method> <!-- postCondition -->
      </class> <!-- com.crm.testCases.VTigerTest3 -->
    </test> <!-- Default test -->
  </suite> <!-- Default suite -->
</testng-results>
